Removed Pin From Net: NetName=IO8 Pin=X1-1
Removed Pin From Net: NetName=IO9 Pin=X1-2
Removed Pin From Net: NetName=SS/IO10 Pin=X1-3
Removed Pin From Net: NetName=MOSI/IO11 Pin=X1-4
Removed Pin From Net: NetName=MISO/IO12 Pin=X1-5
Removed Pin From Net: NetName=SCK/IO13 Pin=X1-6
Removed Pin From Net: NetName=GND Pin=X1-7
Removed Pin From Net: NetName=AREF Pin=X1-8
Removed Pin From Net: NetName=AD4/SDA Pin=X1-9
Removed Pin From Net: NetName=AD5/SCL Pin=X1-10
Removed Pin From Net: NetName=RX/IO0 Pin=X2-1
Removed Pin From Net: NetName=TX/IO1 Pin=X2-2
Removed Pin From Net: NetName=IO2 Pin=X2-3
Removed Pin From Net: NetName=IO3 Pin=X2-4
Removed Pin From Net: NetName=IO4 Pin=X2-5
Removed Pin From Net: NetName=IO5 Pin=X2-6
Removed Pin From Net: NetName=IO6 Pin=X2-7
Removed Pin From Net: NetName=IO7 Pin=X2-8
Removed Pin From Net: NetName=AD0 Pin=X3-1
Removed Pin From Net: NetName=AD1 Pin=X3-2
Removed Pin From Net: NetName=AD2 Pin=X3-3
Removed Pin From Net: NetName=AD3 Pin=X3-4
Removed Pin From Net: NetName=AD4/SDA Pin=X3-5
Removed Pin From Net: NetName=AD5/SCL Pin=X3-6
Removed Pin From Net: NetName=+5V Pin=X4-2
Removed Pin From Net: NetName=RESET Pin=X4-3
Removed Pin From Net: NetName=+3V3 Pin=X4-4
Removed Pin From Net: NetName=+5V Pin=X4-5
Removed Pin From Net: NetName=GND Pin=X4-6
Removed Pin From Net: NetName=GND Pin=X4-7
Removed Pin From Net: NetName=VIN Pin=X4-8
Removed Member From Class: ClassName=ArduinoShield Member=X1
Removed Member From Class: ClassName=ArduinoShield Member=X2
Removed Member From Class: ClassName=ArduinoShield Member=X3
Removed Member From Class: ClassName=ArduinoShield Member=X4
Add Component: Footprint Not Found HDR1X10
Add Component: Footprint Not Found HDR1X8
Add Component: Footprint Not Found HDR1X6
Add Component: Footprint Not Found HDR1X8
Add Pin To Net: Unknown Pin: Pin P?-1
Add Pin To Net: Unknown Pin: Pin P?-1
Add Pin To Net: Unknown Pin: Pin P?-1
Add Pin To Net: Unknown Pin: Pin P?-2
Add Pin To Net: Unknown Pin: Pin P?-2
Add Pin To Net: Unknown Pin: Pin P?-2
Add Pin To Net: Unknown Pin: Pin P?-2
Add Pin To Net: Unknown Pin: Pin P?-3
Add Pin To Net: Unknown Pin: Pin P?-3
Add Pin To Net: Unknown Pin: Pin P?-3
Add Pin To Net: Unknown Pin: Pin P?-3
Add Pin To Net: Unknown Pin: Pin P?-4
Add Pin To Net: Unknown Pin: Pin P?-4
Add Pin To Net: Unknown Pin: Pin P?-4
Add Pin To Net: Unknown Pin: Pin P?-4
Add Pin To Net: Unknown Pin: Pin P?-5
Add Pin To Net: Unknown Pin: Pin P?-5
Add Pin To Net: Unknown Pin: Pin P?-5
Add Pin To Net: Unknown Pin: Pin P?-5
Add Pin To Net: Unknown Pin: Pin P?-6
Add Pin To Net: Unknown Pin: Pin P?-6
Add Pin To Net: Unknown Pin: Pin P?-6
Add Pin To Net: Unknown Pin: Pin P?-6
Add Pin To Net: Unknown Pin: Pin P?-7
Add Pin To Net: Unknown Pin: Pin P?-7
Add Pin To Net: Unknown Pin: Pin P?-7
Add Pin To Net: Unknown Pin: Pin P?-8
Add Pin To Net: Unknown Pin: Pin P?-8
Add Pin To Net: Unknown Pin: Pin P?-8
Add Pin To Net: Unknown Pin: Pin P?-9
Add Pin To Net: Unknown Pin: Pin P?-10
Add Class Member: Failed to add class member : Component P? Header 10
Add Class Member: Failed to add class member : Component P? Header 8
Add Class Member: Failed to add class member : Component P? Header 6
Add Class Member: Failed to add class member : Component P? Header 8
Added Room: Name=ArduinoShield
