Removed Pin From Net: NetName=NetK1_1 Pin=K1-1
Removed Pin From Net: NetName=NetK1_2 Pin=K1-2
Removed Pin From Net: NetName=+5V Pin=K1-3
Removed Pin From Net: NetName=NetK2_1 Pin=K2-1
Removed Pin From Net: NetName=NetK2_2 Pin=K2-2
Removed Pin From Net: NetName=+5V Pin=K2-3
Removed Pin From Net: NetName=NetK3_1 Pin=K3-1
Removed Pin From Net: NetName=NetK3_2 Pin=K3-2
Removed Pin From Net: NetName=+5V Pin=K3-3
Removed Pin From Net: NetName=NetK4_1 Pin=K4-1
Removed Pin From Net: NetName=NetK4_2 Pin=K4-2
Removed Pin From Net: NetName=+5V Pin=K4-3
Change Component Footprint: Designator=R1 Old Footprint=0603 New Footprint=AXIAL-1/2W
Change Component Footprint: Designator=R2 Old Footprint=0603 New Footprint=AXIAL-1/2W
Change Component Footprint: Designator=R3 Old Footprint=0603 New Footprint=AXIAL-1/2W
Change Component Footprint: Designator=R4 Old Footprint=0603 New Footprint=AXIAL-1/2W
Change Component Footprint: Designator=R5 Old Footprint=0603 New Footprint=AXIAL-1/2W
Change Component Footprint: Designator=R6 Old Footprint=0603 New Footprint=AXIAL-1/2W
Change Component Footprint: Designator=R7 Old Footprint=0603 New Footprint=AXIAL-1/2W
Change Component Footprint: Designator=R8 Old Footprint=0603 New Footprint=AXIAL-1/2W
Change Component Footprint: Designator=R9 Old Footprint=0603 New Footprint=AXIAL-1/2W
Change Component Footprint: Designator=R10 Old Footprint=0603 New Footprint=AXIAL-1/2W
Change Component Footprint: Designator=R11 Old Footprint=0603 New Footprint=AXIAL-1/2W
Change Component Footprint: Designator=R12 Old Footprint=0603 New Footprint=AXIAL-1/2W
Change Component Footprint: Designator=R13 Old Footprint=0603 New Footprint=AXIAL-1/2W
Change Component Footprint: Designator=R14 Old Footprint=0603 New Footprint=AXIAL-1/2W
Change Component Footprint: Designator=R15 Old Footprint=0603 New Footprint=AXIAL-1/2W
Change Component Footprint: Designator=R16 Old Footprint=0603 New Footprint=AXIAL-1/2W
Change Component Footprint: Designator=R17 Old Footprint=0603 New Footprint=AXIAL-1/2W
Change Component Footprint: Designator=R18 Old Footprint=0603 New Footprint=AXIAL-1/2W
Change Component Footprint: Designator=R19 Old Footprint=0603 New Footprint=AXIAL-1/2W
Change Component Footprint: Designator=R20 Old Footprint=0603 New Footprint=AXIAL-1/2W
Change Component Footprint: Designator=R21 Old Footprint=0603 New Footprint=AXIAL-1/2W
Change Component Comment : Designator=R3 Old Comment=VALUE New Comment=100?
Change Component Comment : Designator=R4 Old Comment=VALUE New Comment=100?
Change Component Comment : Designator=R5 Old Comment=VALUE New Comment=100?
Change Component Comment : Designator=R6 Old Comment=VALUE New Comment=100?
Change Component Comment : Designator=R7 Old Comment=VALUE New Comment=100?
Change Component Comment : Designator=R8 Old Comment=VALUE New Comment=100?
Change Component Comment : Designator=R9 Old Comment=VALUE New Comment=100?
Change Component Comment : Designator=R10 Old Comment=VALUE New Comment=100?
Change Component Comment : Designator=R11 Old Comment=VALUE New Comment=100?
Added Component: Designator=K1(SOT95P230X110-3M)
Add component (AddParameter): Name = "Case/Package"; Value = "SOT23-3"; VariantName = "[No Variations]"
Add component (AddParameter): Name = "Ids max"; Value = "680mA"; VariantName = "[No Variations]"
Add component (AddParameter): Name = "Max Operating Temperature"; Value = "150°C"; VariantName = "[No Variations]"
Add component (AddParameter): Name = "Min Operating Temperature"; Value = "-55°C"; VariantName = "[No Variations]"
Add component (AddParameter): Name = "Mounting Technology"; Value = "SMD"; VariantName = "[No Variations]"
Add component (AddParameter): Name = "Pins"; Value = "3"; VariantName = "[No Variations]"
Add component (AddParameter): Name = "Power"; Value = "350mW"; VariantName = "[No Variations]"
Add component (AddParameter): Name = "Rds on"; Value = "0.45"; VariantName = "[No Variations]"
Add component (AddParameter): Name = "RoHS Compliant"; Value = "Yes"; VariantName = "[No Variations]"
Add component (AddParameter): Name = "Stock E101"; Value = "18"; VariantName = "[No Variations]"
Add component (AddParameter): Name = "Transistor Type"; Value = "N-Channel"; VariantName = "[No Variations]"
Add component (AddParameter): Name = "Vds max"; Value = "25V"; VariantName = "[No Variations]"
Add component (AddParameter): Name = "Vgs (Max)"; Value = "8V"; VariantName = "[No Variations]"
Add component (AddParameter): Name = "Vgs(th) (Max) @ Id"; Value = "1.5V"; VariantName = "[No Variations]"
Added Component: Designator=K2(SOT95P230X110-3M)
Add component (AddParameter): Name = "Case/Package"; Value = "SOT23-3"; VariantName = "[No Variations]"
Add component (AddParameter): Name = "Ids max"; Value = "680mA"; VariantName = "[No Variations]"
Add component (AddParameter): Name = "Max Operating Temperature"; Value = "150°C"; VariantName = "[No Variations]"
Add component (AddParameter): Name = "Min Operating Temperature"; Value = "-55°C"; VariantName = "[No Variations]"
Add component (AddParameter): Name = "Mounting Technology"; Value = "SMD"; VariantName = "[No Variations]"
Add component (AddParameter): Name = "Pins"; Value = "3"; VariantName = "[No Variations]"
Add component (AddParameter): Name = "Power"; Value = "350mW"; VariantName = "[No Variations]"
Add component (AddParameter): Name = "Rds on"; Value = "0.45"; VariantName = "[No Variations]"
Add component (AddParameter): Name = "RoHS Compliant"; Value = "Yes"; VariantName = "[No Variations]"
Add component (AddParameter): Name = "Stock E101"; Value = "18"; VariantName = "[No Variations]"
Add component (AddParameter): Name = "Transistor Type"; Value = "N-Channel"; VariantName = "[No Variations]"
Add component (AddParameter): Name = "Vds max"; Value = "25V"; VariantName = "[No Variations]"
Add component (AddParameter): Name = "Vgs (Max)"; Value = "8V"; VariantName = "[No Variations]"
Add component (AddParameter): Name = "Vgs(th) (Max) @ Id"; Value = "1.5V"; VariantName = "[No Variations]"
Added Component: Designator=K3(SOT95P230X110-3M)
Add component (AddParameter): Name = "Case/Package"; Value = "SOT23-3"; VariantName = "[No Variations]"
Add component (AddParameter): Name = "Ids max"; Value = "220mA"; VariantName = "[No Variations]"
Add component (AddParameter): Name = "Max Operating Temperature"; Value = "150°C"; VariantName = "[No Variations]"
Add component (AddParameter): Name = "Min Operating Temperature"; Value = "-55°C"; VariantName = "[No Variations]"
Add component (AddParameter): Name = "Mounting Technology"; Value = "SMD"; VariantName = "[No Variations]"
Add component (AddParameter): Name = "Pins"; Value = "3"; VariantName = "[No Variations]"
Add component (AddParameter): Name = "Power"; Value = "350mW"; VariantName = "[No Variations]"
Add component (AddParameter): Name = "Rds on"; Value = "4"; VariantName = "[No Variations]"
Add component (AddParameter): Name = "RoHS Compliant"; Value = "Yes"; VariantName = "[No Variations]"
Add component (AddParameter): Name = "Stock E101"; Value = "16"; VariantName = "[No Variations]"
Add component (AddParameter): Name = "Transistor Type"; Value = "N-Channel"; VariantName = "[No Variations]"
Add component (AddParameter): Name = "Vds max"; Value = "25V"; VariantName = "[No Variations]"
Add component (AddParameter): Name = "Vgs (Max)"; Value = "8V"; VariantName = "[No Variations]"
Add component (AddParameter): Name = "Vgs(th) (Max) @ Id"; Value = "850mV"; VariantName = "[No Variations]"
Added Component: Designator=K4(SOT95P230X110-3M)
Add component (AddParameter): Name = "Case/Package"; Value = "SOT23-3"; VariantName = "[No Variations]"
Add component (AddParameter): Name = "Ids max"; Value = "220mA"; VariantName = "[No Variations]"
Add component (AddParameter): Name = "Max Operating Temperature"; Value = "150°C"; VariantName = "[No Variations]"
Add component (AddParameter): Name = "Min Operating Temperature"; Value = "-55°C"; VariantName = "[No Variations]"
Add component (AddParameter): Name = "Mounting Technology"; Value = "SMD"; VariantName = "[No Variations]"
Add component (AddParameter): Name = "Pins"; Value = "3"; VariantName = "[No Variations]"
Add component (AddParameter): Name = "Power"; Value = "350mW"; VariantName = "[No Variations]"
Add component (AddParameter): Name = "Rds on"; Value = "4"; VariantName = "[No Variations]"
Add component (AddParameter): Name = "RoHS Compliant"; Value = "Yes"; VariantName = "[No Variations]"
Add component (AddParameter): Name = "Stock E101"; Value = "16"; VariantName = "[No Variations]"
Add component (AddParameter): Name = "Transistor Type"; Value = "N-Channel"; VariantName = "[No Variations]"
Add component (AddParameter): Name = "Vds max"; Value = "25V"; VariantName = "[No Variations]"
Add component (AddParameter): Name = "Vgs (Max)"; Value = "8V"; VariantName = "[No Variations]"
Add component (AddParameter): Name = "Vgs(th) (Max) @ Id"; Value = "850mV"; VariantName = "[No Variations]"
Added Pin To Net: NetName=NetK1_1 Pin=K1-1
Added Pin To Net: NetName=NetK1_2 Pin=K1-2
Added Pin To Net: NetName=+5V Pin=K1-3
Added Pin To Net: NetName=NetK2_1 Pin=K2-1
Added Pin To Net: NetName=NetK2_2 Pin=K2-2
Added Pin To Net: NetName=+5V Pin=K2-3
Added Pin To Net: NetName=NetK3_1 Pin=K3-1
Added Pin To Net: NetName=NetK3_2 Pin=K3-2
Added Pin To Net: NetName=+5V Pin=K3-3
Added Pin To Net: NetName=NetK4_1 Pin=K4-1
Added Pin To Net: NetName=NetK4_2 Pin=K4-2
Added Pin To Net: NetName=+5V Pin=K4-3
Added Room: Name=ArduinoShield
