Removed Pin From Net: NetName=IO4 Pin=K1-1
Removed Pin From Net: NetName=IO2 Pin=K2-1
Added Component: Designator=R16(0603)
Add component (AddParameter): Name = "Supplier 1"; Value = "CPNV"; VariantName = "[No Variations]"
Added Component: Designator=R17(0603)
Add component (AddParameter): Name = "Supplier 1"; Value = "CPNV"; VariantName = "[No Variations]"
Added Component: Designator=R18(0603)
Add component (AddParameter): Name = "Supplier 1"; Value = "CPNV"; VariantName = "[No Variations]"
Added Component: Designator=R19(0603)
Add component (AddParameter): Name = "Supplier 1"; Value = "CPNV"; VariantName = "[No Variations]"
Added Component: Designator=R20(0603)
Add component (AddParameter): Name = "Supplier 1"; Value = "CPNV"; VariantName = "[No Variations]"
Added Component: Designator=R21(0603)
Add component (AddParameter): Name = "Supplier 1"; Value = "CPNV"; VariantName = "[No Variations]"
Added Pin To Net: NetName=IO4 Pin=R16-1
Added Pin To Net: NetName=IO2 Pin=R17-1
Added Pin To Net: NetName=IO8 Pin=R18-2
Added Pin To Net: NetName=SS/IO10 Pin=R19-2
Added Pin To Net: NetName=IO8 Pin=R20-1
Added Pin To Net: NetName=GND Pin=R20-2
Added Pin To Net: NetName=SS/IO10 Pin=R21-1
Added Pin To Net: NetName=GND Pin=R21-2
Added Pin To Net: NetName=NetK1_1 Pin=K1-1
Added Pin To Net: NetName=NetK1_1 Pin=R16-2
Added Net: Name=NetK1_1
Added Pin To Net: NetName=NetK2_1 Pin=K2-1
Added Pin To Net: NetName=NetK2_1 Pin=R17-2
Added Net: Name=NetK2_1
Added Member To Class: ClassName=ArduinoShield Member=Component R16 150R
Added Member To Class: ClassName=ArduinoShield Member=Component R17 150R
Added Member To Class: ClassName=ArduinoShield Member=Component R18 150R
Added Member To Class: ClassName=ArduinoShield Member=Component R19 150R
Added Member To Class: ClassName=ArduinoShield Member=Component R20 10k
Added Member To Class: ClassName=ArduinoShield Member=Component R21 10k
