Change Component Footprint: Designator=K1 Old Footprint=SOT323 New Footprint=SOT95P230X110-3M
Change Component Footprint: Designator=K2 Old Footprint=SOT323 New Footprint=SOT95P230X110-3M
Change Component Footprint: Designator=K3 Old Footprint=SOT323 New Footprint=SOT95P230X110-3M
Change Component Footprint: Designator=K4 Old Footprint=SOT323 New Footprint=SOT95P230X110-3M
Change Component Comment : Designator=K3 Old Comment=FDV301N New Comment=FDV301N_D87Z
Change Component Comment : Designator=K4 Old Comment=FDV301N New Comment=FDV301N_D87Z
Change Component Comment : Designator=K1 Old Comment=FDV303N New Comment=FDV303N_NB9U008
Change Component Comment : Designator=K2 Old Comment=FDV303N New Comment=FDV303N_NB9U008
Change Component Comment : Designator=R3 Old Comment=VALUE New Comment=100?
Change Component Comment : Designator=R4 Old Comment=VALUE New Comment=100?
Change Component Comment : Designator=R5 Old Comment=VALUE New Comment=100?
Change Component Comment : Designator=R6 Old Comment=VALUE New Comment=100?
Change Component Comment : Designator=R7 Old Comment=VALUE New Comment=100?
Change Component Comment : Designator=R8 Old Comment=VALUE New Comment=100?
Change Component Comment : Designator=R9 Old Comment=VALUE New Comment=100?
Change Component Comment : Designator=R10 Old Comment=VALUE New Comment=100?
Change Component Comment : Designator=R11 Old Comment=VALUE New Comment=100?
Change Managed Component Library Link : Designator=K1 Old VaultGUID= New VaultGUID=732A8742-9F45-45B8-8406-E4DF4CD9B534 Old ItemGUID= New ItemGUID=6c9dd035-86be-4c3e-8be8-00c2eaced286 Old RevisionGUID= New RevisionGUID=84615030-c4df-4359-830f-1488f97998f3
Change Managed Component Library Link : Designator=K2 Old VaultGUID= New VaultGUID=732A8742-9F45-45B8-8406-E4DF4CD9B534 Old ItemGUID= New ItemGUID=6c9dd035-86be-4c3e-8be8-00c2eaced286 Old RevisionGUID= New RevisionGUID=84615030-c4df-4359-830f-1488f97998f3
Change Managed Component Library Link : Designator=K3 Old VaultGUID= New VaultGUID=732A8742-9F45-45B8-8406-E4DF4CD9B534 Old ItemGUID= New ItemGUID=8e690eef-589e-4810-9b19-30f3d2d6c795 Old RevisionGUID= New RevisionGUID=4cd7ee93-ef36-424f-ade7-f3265e604d22
Change Managed Component Library Link : Designator=K4 Old VaultGUID= New VaultGUID=732A8742-9F45-45B8-8406-E4DF4CD9B534 Old ItemGUID= New ItemGUID=8e690eef-589e-4810-9b19-30f3d2d6c795 Old RevisionGUID= New RevisionGUID=4cd7ee93-ef36-424f-ade7-f3265e604d22
Change component parameters: Designator = "K1" ("K1"); Footprint = "SOT323"; UniqueID = "\CEKVLBVQ" ("\CEKVLBVQ")
Change component parameters (AddParameter): Name = "Case/Package"; Value = "SOT23-3"; VariantName = "[No Variations]"
Change component parameters (AddParameter): Name = "Ids max"; Value = "680mA"; VariantName = "[No Variations]"
Change component parameters (AddParameter): Name = "Max Operating Temperature"; Value = "150°C"; VariantName = "[No Variations]"
Change component parameters (AddParameter): Name = "Min Operating Temperature"; Value = "-55°C"; VariantName = "[No Variations]"
Change component parameters (AddParameter): Name = "Mounting Technology"; Value = "SMD"; VariantName = "[No Variations]"
Change component parameters (AddParameter): Name = "Pins"; Value = "3"; VariantName = "[No Variations]"
Change component parameters (AddParameter): Name = "Power"; Value = "350mW"; VariantName = "[No Variations]"
Change component parameters (AddParameter): Name = "Rds on"; Value = "0.45"; VariantName = "[No Variations]"
Change component parameters (AddParameter): Name = "RoHS Compliant"; Value = "Yes"; VariantName = "[No Variations]"
Change component parameters (AddParameter): Name = "Stock E101"; Value = "18"; VariantName = "[No Variations]"
Change component parameters (AddParameter): Name = "Transistor Type"; Value = "N-Channel"; VariantName = "[No Variations]"
Change component parameters (AddParameter): Name = "Vds max"; Value = "25V"; VariantName = "[No Variations]"
Change component parameters (AddParameter): Name = "Vgs (Max)"; Value = "8V"; VariantName = "[No Variations]"
Change component parameters (AddParameter): Name = "Vgs(th) (Max) @ Id"; Value = "1.5V"; VariantName = "[No Variations]"
Change component parameters: Designator = "K2" ("K2"); Footprint = "SOT323"; UniqueID = "\EZJWXMMU" ("\EZJWXMMU")
Change component parameters (AddParameter): Name = "Case/Package"; Value = "SOT23-3"; VariantName = "[No Variations]"
Change component parameters (AddParameter): Name = "Ids max"; Value = "680mA"; VariantName = "[No Variations]"
Change component parameters (AddParameter): Name = "Max Operating Temperature"; Value = "150°C"; VariantName = "[No Variations]"
Change component parameters (AddParameter): Name = "Min Operating Temperature"; Value = "-55°C"; VariantName = "[No Variations]"
Change component parameters (AddParameter): Name = "Mounting Technology"; Value = "SMD"; VariantName = "[No Variations]"
Change component parameters (AddParameter): Name = "Pins"; Value = "3"; VariantName = "[No Variations]"
Change component parameters (AddParameter): Name = "Power"; Value = "350mW"; VariantName = "[No Variations]"
Change component parameters (AddParameter): Name = "Rds on"; Value = "0.45"; VariantName = "[No Variations]"
Change component parameters (AddParameter): Name = "RoHS Compliant"; Value = "Yes"; VariantName = "[No Variations]"
Change component parameters (AddParameter): Name = "Stock E101"; Value = "18"; VariantName = "[No Variations]"
Change component parameters (AddParameter): Name = "Transistor Type"; Value = "N-Channel"; VariantName = "[No Variations]"
Change component parameters (AddParameter): Name = "Vds max"; Value = "25V"; VariantName = "[No Variations]"
Change component parameters (AddParameter): Name = "Vgs (Max)"; Value = "8V"; VariantName = "[No Variations]"
Change component parameters (AddParameter): Name = "Vgs(th) (Max) @ Id"; Value = "1.5V"; VariantName = "[No Variations]"
Change component parameters: Designator = "K3" ("K3"); Footprint = "SOT323"; UniqueID = "\DYJAVYEK" ("\DYJAVYEK")
Change component parameters (AddParameter): Name = "Case/Package"; Value = "SOT23-3"; VariantName = "[No Variations]"
Change component parameters (AddParameter): Name = "Ids max"; Value = "220mA"; VariantName = "[No Variations]"
Change component parameters (AddParameter): Name = "Max Operating Temperature"; Value = "150°C"; VariantName = "[No Variations]"
Change component parameters (AddParameter): Name = "Min Operating Temperature"; Value = "-55°C"; VariantName = "[No Variations]"
Change component parameters (AddParameter): Name = "Mounting Technology"; Value = "SMD"; VariantName = "[No Variations]"
Change component parameters (AddParameter): Name = "Pins"; Value = "3"; VariantName = "[No Variations]"
Change component parameters (AddParameter): Name = "Power"; Value = "350mW"; VariantName = "[No Variations]"
Change component parameters (AddParameter): Name = "Rds on"; Value = "4"; VariantName = "[No Variations]"
Change component parameters (AddParameter): Name = "RoHS Compliant"; Value = "Yes"; VariantName = "[No Variations]"
Change component parameters (AddParameter): Name = "Stock E101"; Value = "16"; VariantName = "[No Variations]"
Change component parameters (AddParameter): Name = "Transistor Type"; Value = "N-Channel"; VariantName = "[No Variations]"
Change component parameters (AddParameter): Name = "Vds max"; Value = "25V"; VariantName = "[No Variations]"
Change component parameters (AddParameter): Name = "Vgs (Max)"; Value = "8V"; VariantName = "[No Variations]"
Change component parameters (AddParameter): Name = "Vgs(th) (Max) @ Id"; Value = "850mV"; VariantName = "[No Variations]"
Change component parameters: Designator = "K4" ("K4"); Footprint = "SOT323"; UniqueID = "\MQXNLJGQ" ("\MQXNLJGQ")
Change component parameters (AddParameter): Name = "Case/Package"; Value = "SOT23-3"; VariantName = "[No Variations]"
Change component parameters (AddParameter): Name = "Ids max"; Value = "220mA"; VariantName = "[No Variations]"
Change component parameters (AddParameter): Name = "Max Operating Temperature"; Value = "150°C"; VariantName = "[No Variations]"
Change component parameters (AddParameter): Name = "Min Operating Temperature"; Value = "-55°C"; VariantName = "[No Variations]"
Change component parameters (AddParameter): Name = "Mounting Technology"; Value = "SMD"; VariantName = "[No Variations]"
Change component parameters (AddParameter): Name = "Pins"; Value = "3"; VariantName = "[No Variations]"
Change component parameters (AddParameter): Name = "Power"; Value = "350mW"; VariantName = "[No Variations]"
Change component parameters (AddParameter): Name = "Rds on"; Value = "4"; VariantName = "[No Variations]"
Change component parameters (AddParameter): Name = "RoHS Compliant"; Value = "Yes"; VariantName = "[No Variations]"
Change component parameters (AddParameter): Name = "Stock E101"; Value = "16"; VariantName = "[No Variations]"
Change component parameters (AddParameter): Name = "Transistor Type"; Value = "N-Channel"; VariantName = "[No Variations]"
Change component parameters (AddParameter): Name = "Vds max"; Value = "25V"; VariantName = "[No Variations]"
Change component parameters (AddParameter): Name = "Vgs (Max)"; Value = "8V"; VariantName = "[No Variations]"
Change component parameters (AddParameter): Name = "Vgs(th) (Max) @ Id"; Value = "850mV"; VariantName = "[No Variations]"
Added Room: Name=ArduinoShield
