Removed Pin From Net: NetName=+5V Pin=K1-3
Removed Pin From Net: NetName=+5V Pin=K2-3
Removed Pin From Net: NetName=+5V Pin=K3-3
Removed Pin From Net: NetName=+5V Pin=K4-3
Added Component: Designator=X23(to220)
Added Component: Designator=X24(to220)
Added Component: Designator=X25(to220)
Added Component: Designator=X26(to220)
Added Pin To Net: NetName=+5V Pin=X23-2
Added Pin To Net: NetName=+5V Pin=X24-2
Added Pin To Net: NetName=+5V Pin=X25-2
Added Pin To Net: NetName=+5V Pin=X26-2
Added Pin To Net: NetName=NetR3_1 Pin=R3-1
Added Pin To Net: NetName=NetR3_1 Pin=R4-1
Added Pin To Net: NetName=NetR3_1 Pin=X25-3
Added Net: Name=NetR3_1
Added Pin To Net: NetName=NetR5_1 Pin=R5-1
Added Pin To Net: NetName=NetR5_1 Pin=R6-1
Added Pin To Net: NetName=NetR5_1 Pin=X26-3
Added Net: Name=NetR5_1
Added Pin To Net: NetName=NetR16_2 Pin=R16-2
Added Pin To Net: NetName=NetR16_2 Pin=X23-1
Added Net: Name=NetR16_2
Added Pin To Net: NetName=NetR17_2 Pin=R17-2
Added Pin To Net: NetName=NetR17_2 Pin=X24-1
Added Net: Name=NetR17_2
Added Pin To Net: NetName=NetR18_2 Pin=R18-2
Added Pin To Net: NetName=NetR18_2 Pin=R20-1
Added Pin To Net: NetName=NetR18_2 Pin=X25-1
Added Net: Name=NetR18_2
Added Pin To Net: NetName=NetR19_2 Pin=R19-2
Added Pin To Net: NetName=NetR19_2 Pin=R21-1
Added Pin To Net: NetName=NetR19_2 Pin=X26-1
Added Net: Name=NetR19_2
Added Pin To Net: NetName=NetX7_1 Pin=X7-1
Added Pin To Net: NetName=NetX7_1 Pin=X8-1
Added Pin To Net: NetName=NetX7_1 Pin=X23-3
Added Net: Name=NetX7_1
Added Pin To Net: NetName=NetX10_1 Pin=X10-1
Added Pin To Net: NetName=NetX10_1 Pin=X11-1
Added Pin To Net: NetName=NetX10_1 Pin=X24-3
Added Net: Name=NetX10_1
Added Member To Class: ClassName=ArduinoShield Member=Component X23 TO220
Added Member To Class: ClassName=ArduinoShield Member=Component X24 TO220
Added Member To Class: ClassName=ArduinoShield Member=Component X25 TO220
Added Member To Class: ClassName=ArduinoShield Member=Component X26 TO220
Added Room: Name=ArduinoShield
